0.001 0.992128745874 0.00348630740648 -184.4637954235077
0.00112332403298 0.997913761981 0.00366998220354 -184.9614052772522
0.00126185688307 0.992737171492 0.00343705472161 -185.16990065574646
0.00141747416293 1.00003869259 0.00364069099373 -185.16101002693176
0.00159228279334 0.99844503228 0.00358567250087 -185.09109210968018
0.00178864952906 0.993432743977 0.00366914121617 -185.48046803474426
0.00200923300257 0.986073292387 0.00366206263856 -186.18588852882385
0.00225701971963 0.996172234145 0.00355067306591 -186.31477546691895
0.00253536449397 0.987877642596 0.00372739390415 -187.3283760547638
0.00284803586844 0.986643688389 0.00358774352058 -187.15848994255066
0.0031992671378 0.990645948188 0.00372193145565 -186.76955604553223
0.0035938136638 0.991919802826 0.00352506847591 -187.24941182136536
0.0040370172586 0.995342392686 0.00352444256689 -186.89572286605835
0.00453487850813 0.998256398637 0.00382070559755 -186.13526320457458
0.00509413801482 0.993721249432 0.00312026394544 -185.74588465690613
0.00572236765935 0.992745398277 0.00359136944251 -185.14032435417175
0.00642807311728 0.997755597462 0.0035152659907 -185.46544551849365
0.00722080901839 0.98129511532 0.00340261017627 -185.39555048942566
0.0081113083079 0.98702943175 0.00304895042734 -185.03263592720032
0.00911162756115 0.993637457676 0.00373368082101 -185.29035544395447
0.010235310219 1.00505034592 0.00402040858725 -185.12245392799377
0.011497569954 0.996148993067 0.00313598981919 -185.281742811203
0.0129154966501 1.00122493715 0.00350742187762 -185.29230570793152
0.014508287785 1.00178212828 0.00338540884835 -185.24319529533386
0.0162975083462 0.995656107746 0.0034436004778 -185.82172226905823
0.018307382803 0.999387968903 0.00360929616292 -185.1317789554596
0.0205651230835 1.00077111139 0.00356530208621 -185.55680465698242
0.0231012970008 1.00210349888 0.0033400602275 -185.5388379096985
0.025950242114 1.00141282564 0.00402832520312 -185.52116656303406
0.0291505306283 1.00188291904 0.00358825531687 -185.42927408218384
0.0327454916288 0.997155544083 0.00346654406434 -184.9559667110443
0.0367837977183 1.00112824931 0.00345504858082 -185.72940254211426
0.0413201240012 0.997116872191 0.00394819447019 -185.31936812400818
0.0464158883361 0.998775604198 0.00344582633705 -185.270094871521
0.05214008288 0.995714329626 0.00358402930332 -185.30495691299438
0.0585702081806 1.00563385815 0.00357625308696 -185.13000679016113
0.0657933224658 0.994166725729 0.00392569525369 -185.25672340393066
0.0739072203353 0.995915486376 0.00322081636501 -185.54836559295654
0.0830217568132 1.00667975855 0.00340069322699 -185.51366782188416
0.0932603346883 0.991281133885 0.00368981104448 -185.2924370765686
0.104761575279 1.00682033357 0.00398281130989 -185.21496057510376
0.117681195243 1.00272754211 0.00402463260104 -185.44528102874756
0.132194114847 1.00874134186 0.00328391509896 -185.3949110507965
0.148496826225 1.00185202013 0.00367920652951 -185.20140552520752
0.16681005372 0.999698738148 0.00367104278573 -185.9631233215332
0.187381742286 0.998629131053 0.00357133203785 -185.27782273292542
0.210490414451 1.00308132087 0.0033412396572 -185.38558554649353
0.236448941265 1.00117139538 0.00361796753421 -185.73443961143494
0.265608778295 1.00412502488 0.00301201570999 -185.7301766872406
0.298364724028 0.995057608179 0.00399144705202 -185.7875850200653
0.335160265094 0.995144388315 0.00410725058746 -185.9876570701599
0.376493580679 0.995866088984 0.00298395522999 -186.70624613761902
0.422924287439 1.00217399411 0.00328235989266 -185.83327174186707
0.47508101621 1.00025603109 0.00363334641445 -186.0178346633911
0.533669923121 1.00304368188 0.00304078137525 -186.04180359840393
0.599484250319 1.00308656333 0.00345790351278 -186.43200707435608
0.673415065775 1.00188736735 0.00331983116062 -186.79306054115295
0.756463327555 0.994766199729 0.00323049912964 -187.0238151550293
0.849753435909 0.993255033163 0.0029375182957 -187.41360211372375
0.954548456662 0.998267641003 0.00297565616441 -187.5484893321991
1.07226722201 1.00076169926 0.0028590116855 -187.03318452835083
1.20450354026 0.999732894165 0.00290507322477 -187.52686619758606
1.35304777458 0.99863356541 0.00291221839941 -187.3197934627533
1.51991108295 1.00579128695 0.00255033343944 -187.57441210746765
1.70735264747 0.998696648747 0.00259176024984 -187.15880751609802
1.91791026167 0.996933425779 0.0023978042673 -187.4292929172516
2.15443469003 0.994635526773 0.00265123920968 -187.41428565979004
2.42012826479 0.997386719789 0.00248447124448 -187.7005090713501
2.71858824273 1.00144127464 0.00258518813078 -187.42532014846802
3.05385550883 0.998341146189 0.0022677543108 -187.57425951957703
3.43046928631 0.999106104727 0.00247824252812 -187.24867796897888
3.85352859371 0.998252290903 0.0021346312596 -187.7247622013092
4.32876128108 0.99431790983 0.00193061565606 -187.58303475379944
4.86260158007 1.00019485856 0.0021911229901 -187.61529922485352
5.46227721768 1.00303541269 0.00207144331188 -187.68464970588684
6.13590727341 1.00085724362 0.00226752820596 -187.38654351234436
6.89261210435 1.00226076269 0.00240672412082 -187.53935408592224
7.74263682681 0.998724065843 0.00254207981102 -187.68616557121277
8.69749002618 1.00051749674 0.00200862765378 -187.7141511440277
9.77009957299 1.00036130905 0.00211435790175 -188.241956949234
10.9749876549 0.99303835773 0.00221708698795 -188.7186050415039
12.3284673944 0.996402233436 0.00192020381184 -188.60044932365417
13.8488637139 0.993955426374 0.00194855857896 -188.49316358566284
15.5567614393 0.999155898663 0.00202621370227 -188.78518176078796
17.4752840001 0.998316593402 0.00225747176393 -188.69379496574402
19.6304065004 0.995397654616 0.00237633754133 -188.45342326164246
22.051307399 0.996798465424 0.00227556199891 -188.89198231697083
24.7707635599 0.996854162741 0.00194396147119 -188.87117457389832
27.8255940221 0.9982894659 0.00264118745952 -189.02129650115967
31.2571584969 0.994572634508 0.00201904835475 -189.17728090286255
35.1119173422 0.99842264602 0.00202443178799 -188.62047958374023
39.4420605944 0.999768781676 0.00180816447595 -187.9137909412384
44.3062145758 1.00205725682 0.00208149656306 -188.1923267841339
49.7702356433 0.998355677382 0.00217516522734 -187.94455933570862
55.9081018251 0.996549216368 0.002268581013 -187.7907919883728
62.8029144183 0.995351550233 0.00215567901848 -187.37475514411926
70.5480231072 0.996426968591 0.00242464021777 -187.6907925605774
79.2482898354 0.999940382204 0.00206138311502 -187.54578590393066
89.0215085445 0.999067878886 0.00202187990694 -187.5524423122406
100.0 0.993886789092 0.00229789577274 -187.45857787132263
Traceback (most recent call last):
  File "verify_tau_table.py", line 71, in <module>
    np.save('./deltas_squared_'+str(n)+'_'+str(n+1)+'.npy',deltas_squared)
NameError: name 'n' is not defined
