0.001 1.00009726522 0.00381950143782 189.63061141967773
0.00112332403298 0.996625505615 0.00405372889581 189.38891410827637
0.00126185688307 0.999295159173 0.00387155731045 189.26564264297485
0.00141747416293 1.00417313038 0.00409424827897 189.1471254825592
0.00159228279334 0.996061051141 0.00404056000832 187.25353264808655
0.00178864952906 0.990871586181 0.00388263681543 187.58579468727112
0.00200923300257 0.988642784431 0.00402608505061 187.9627342224121
0.00225701971963 0.992777261967 0.00367217890918 188.34392857551575
0.00253536449397 0.991670178465 0.00358111314319 186.82667660713196
0.00284803586844 0.990434191598 0.00361383108321 188.34932708740234
0.0031992671378 0.99614052125 0.00341347145198 187.4780580997467
0.0035938136638 0.988149438837 0.00389691347366 187.7149155139923
0.0040370172586 0.993237336268 0.00374410180344 188.06924700737
0.00453487850813 1.00162542666 0.00398219317945 187.88609147071838
0.00509413801482 0.991906133377 0.00409709645761 187.23674488067627
0.00572236765935 0.990822616265 0.00364569895079 188.34561467170715
0.00642807311728 0.985982121487 0.00371225362062 187.49095630645752
0.00722080901839 0.996205818787 0.00372013904834 188.30908107757568
0.0081113083079 0.986766463305 0.00372111365728 188.02366709709167
0.00911162756115 0.99299746193 0.00402196494654 187.2840313911438
0.010235310219 0.992000365375 0.00338934542447 188.27045011520386
0.011497569954 0.995117476353 0.00423495513382 187.636412858963
0.0129154966501 0.993791466713 0.00391048386654 188.24121141433716
0.014508287785 0.991957732666 0.00429377142318 189.72128343582153
0.0162975083462 0.988110714806 0.00395313279869 189.6838982105255
0.018307382803 0.987393490232 0.00398740250787 188.82493233680725
0.0205651230835 0.98466700996 0.00396055443573 188.75849533081055
0.0231012970008 0.981759784368 0.0036178863849 188.58025813102722
0.025950242114 0.987641751957 0.00364271832448 187.7740409374237
0.0291505306283 0.982858553854 0.00317806942423 187.93949818611145
0.0327454916288 0.986511438864 0.00403145265576 187.59984135627747
0.0367837977183 0.98191353596 0.00379793673611 187.86860704421997
0.0413201240012 0.990415850701 0.00384706174545 188.61611676216125
0.0464158883361 0.982346819912 0.00362956467329 187.5398850440979
0.05214008288 0.979596669566 0.00350740226532 188.44954586029053
0.0585702081806 0.97231039625 0.00394388280244 188.11771035194397
0.0657933224658 0.977317277557 0.0038571652888 188.0932333469391
0.0739072203353 0.972042721212 0.00357072911953 188.56586480140686
0.0830217568132 0.962887337597 0.00366076500327 189.17621850967407
0.0932603346883 0.968184696408 0.00370951761928 187.47945499420166
0.104761575279 0.957891327179 0.00350160012847 187.5965039730072
0.117681195243 0.951189030594 0.00328840795818 187.0756425857544
0.132194114847 0.946296873186 0.00373745928027 188.4187204837799
0.148496826225 0.941486141658 0.00367213743365 189.1344358921051
0.16681005372 0.944093756653 0.00372346418663 188.26848530769348
0.187381742286 0.936963591942 0.00302993485495 188.83680868148804
0.210490414451 0.93385296119 0.00314295012118 189.01120042800903
0.236448941265 0.919064112952 0.00286905463317 187.80158162117004
0.265608778295 0.9097411795 0.00319041945313 187.93266105651855
0.298364724028 0.900623059573 0.00336324726352 188.75228071212769
0.335160265094 0.891882861879 0.00304019398175 188.1959846019745
0.376493580679 0.884644062883 0.00319679099809 189.15080189704895
0.422924287439 0.868253422645 0.00298201289916 187.45818567276
0.47508101621 0.853084809768 0.00268029556433 188.64859890937805
0.533669923121 0.833633540934 0.00280545949679 188.69078135490417
0.599484250319 0.818404679821 0.00270934529904 189.267915725708
0.673415065775 0.796185077315 0.00212641927519 190.8326244354248
0.756463327555 0.771006996148 0.00215946212783 189.88252687454224
0.849753435909 0.740701817593 0.00212936414281 189.18484115600586
0.954548456662 0.710341688534 0.00194368016172 189.5906720161438
1.07226722201 0.672784801455 0.00175403280016 189.437153339386
1.20450354026 0.633526814519 0.00168681857921 190.43710446357727
1.35304777458 0.592134923378 0.00158241368706 189.7776210308075
1.51991108295 0.547249716684 0.00139673006355 189.0602424144745
1.70735264747 0.503690669673 0.00116016283632 189.87694120407104
1.91791026167 0.463403278087 0.000989184031777 189.72115182876587
2.15443469003 0.422019726463 0.000865704186495 191.21615982055664
2.42012826479 0.382388567956 0.000726684376451 190.90401101112366
2.71858824273 0.345486990677 0.000641957534566 189.9947760105133
3.05385550883 0.311967888819 0.000499506003052 189.45916867256165
generate_tau_table.py:43: RuntimeWarning: overflow encountered in exp
  return np.exp(-t/tau)
3.43046928631 0.279982264509 0.000468001411297 191.58451294898987
3.85352859371 0.251287445672 0.000395637113844 190.22584533691406
4.32876128108 0.225079372831 0.000319977754006 191.6634430885315
4.86260158007 0.201181877231 0.000281054808953 190.35322880744934
5.46227721768 0.179983898882 0.000232086238548 190.01647520065308
6.13590727341 0.160575963554 0.000196990154877 190.80353021621704
6.89261210435 0.143529737302 0.000166779294233 191.36897206306458
7.74263682681 0.127979933266 0.000148079716879 190.49752593040466
8.69749002618 0.114258172933 0.000136905554961 190.98935222625732
9.77009957299 0.101743020899 9.72397375453e-05 191.2702295780182
10.9749876549 0.0905743439622 8.12928432028e-05 190.49616026878357
12.3284673944 0.0807716043257 7.29852762315e-05 190.44948172569275
13.8488637139 0.0719555648777 5.4885213808e-05 191.70479440689087
15.5567614393 0.0641940649203 5.56863822917e-05 190.43617463111877
17.4752840001 0.0571111180593 4.32848234529e-05 190.3976993560791
19.6304065004 0.0508283009016 3.80010843236e-05 191.5560188293457
22.051307399 0.0453812227944 3.24205377033e-05 190.90059304237366
24.7707635599 0.0402982835822 2.75818787786e-05 191.0951864719391
27.8255940221 0.0358990258848 1.96571725717e-05 192.52262330055237
31.2571584969 0.0319766417792 1.8585444626e-05 191.7944302558899
35.1119173422 0.0284809697511 1.68652948063e-05 191.52480673789978
39.4420605944 0.0253234885457 1.3124147476e-05 191.81581163406372
/home-1/ahopki15@jhu.edu/anaconda3/lib/python3.6/site-packages/scipy/optimize/minpack.py:779: OptimizeWarning: Covariance of the parameters could not be estimated
  category=OptimizeWarning)
44.3062145758 0.0216678984763 0.00043691177551 191.9783651828766
49.7702356433 0.0139352240926 0.00091943061608 191.14933705329895
55.9081018251 0.016996451481 0.000384178143877 190.69662737846375
62.8029144183 0.0159213151845 7.41355164516e-06 189.34027004241943
70.5480231072 0.0141794499481 5.11809820298e-06 189.002934217453
79.2482898354 0.012626292257 4.81679584955e-06 189.8152801990509
89.0215085445 0.0112282481826 3.80331172844e-06 191.73962783813477
100.0 0.00999828204888 4.24246182147e-06 192.4761664867401
