0.001 0.989890458158 0.00341147956811 -187.2701940536499
0.00112332403298 0.986469077102 0.00308419955302 -186.14237308502197
0.00126185688307 0.9933363753 0.00344098358652 -185.7345995903015
0.00141747416293 0.996597470851 0.00386075139052 -185.7202444076538
0.00159228279334 0.99803491022 0.00362815110818 -186.43707060813904
0.00178864952906 0.995375715936 0.00380977622445 -185.87559866905212
0.00200923300257 0.994040692915 0.00342108182749 -186.01243805885315
0.00225701971963 0.998132905598 0.00393848084777 -185.77349543571472
0.00253536449397 0.991807159863 0.0035429512455 -186.33989930152893
0.00284803586844 0.993642540103 0.00358352400691 -185.92301559448242
0.0031992671378 0.988797338377 0.0038921573325 -185.82531690597534
0.0035938136638 0.996785431582 0.00340103416741 -185.30521297454834
0.0040370172586 0.994134352641 0.00331210170203 -186.21613955497742
0.00453487850813 1.00091907271 0.00361447307941 -185.54390048980713
0.00509413801482 0.991931374892 0.00359007419295 -185.42644333839417
0.00572236765935 0.995012689776 0.00325402850434 -185.6286165714264
0.00642807311728 0.996948206903 0.0036337569536 -186.21797347068787
0.00722080901839 0.991805485566 0.00335624558716 -185.65618562698364
0.0081113083079 0.992153495979 0.00386275691914 -185.8506486415863
0.00911162756115 0.995088982869 0.00350637588892 -185.5125126838684
0.010235310219 1.00118655566 0.00399123069914 -186.57749032974243
0.011497569954 0.991853543266 0.00361710430922 -185.477637052536
0.0129154966501 0.999543982258 0.00357128232294 -185.93316102027893
0.014508287785 0.997396427904 0.0036135180243 -185.57003784179688
0.0162975083462 0.994473764589 0.00348914512033 -186.3668134212494
0.018307382803 1.00782897253 0.00354068567992 -185.59065985679626
0.0205651230835 1.0022198601 0.00370654776927 -185.26628494262695
0.0231012970008 0.999262162102 0.00343260048562 -185.51036858558655
0.025950242114 0.997342759295 0.00351013589002 -186.3840308189392
0.0291505306283 1.00323380927 0.00339648081581 -185.91366171836853
0.0327454916288 0.990607803556 0.0036448555361 -185.56474089622498
0.0367837977183 1.00597023234 0.0038620000167 -186.08692717552185
0.0413201240012 0.995965287148 0.00373998456917 -186.4772551059723
0.0464158883361 1.00074058261 0.00400805480169 -185.4269483089447
0.05214008288 0.990186913516 0.00365408031216 -185.65621709823608
0.0585702081806 0.993744686569 0.00369914850444 -185.92009019851685
0.0657933224658 1.00058077383 0.00387948024042 -186.5326840877533
0.0739072203353 0.996582412461 0.00346957634122 -185.89438319206238
0.0830217568132 1.00906388635 0.00319894843584 -185.41651391983032
0.0932603346883 0.999979417761 0.00351996213274 -185.66470527648926
0.104761575279 1.00413931825 0.00391909604509 -186.52381372451782
0.117681195243 0.99647496983 0.0037909080128 -185.7378466129303
0.132194114847 1.00472383327 0.00327746657284 -185.64547610282898
0.148496826225 0.995740347941 0.00358970934501 -186.11476016044617
0.16681005372 1.00387923687 0.0034869319982 -186.48774981498718
0.187381742286 1.00411878665 0.00366149009869 -185.79783844947815
0.210490414451 0.999505289599 0.00357204467894 -185.78746509552002
0.236448941265 1.00013240926 0.00351186878921 -185.96994471549988
0.265608778295 1.00091538793 0.00370896376756 -186.5545301437378
0.298364724028 0.994583788697 0.00334705871007 -185.7735948562622
0.335160265094 0.998922228629 0.00334191336472 -185.87472105026245
0.376493580679 0.997266758522 0.00348765311212 -185.85323357582092
0.422924287439 1.00119719482 0.00380842165975 -186.55261874198914
0.47508101621 0.993556251844 0.00334724077777 -186.2842788696289
0.533669923121 1.00513553077 0.00317373125196 -186.05433821678162
0.599484250319 0.993970718946 0.00329294919612 -186.18596506118774
0.673415065775 1.0007186452 0.00379923863337 -187.65722227096558
0.756463327555 0.994640354199 0.00329256489083 -186.9119532108307
0.849753435909 0.993833376294 0.00327437825992 -187.30264616012573
0.954548456662 1.00017336427 0.0030468842826 -187.97710180282593
1.07226722201 1.00584567077 0.00311237276204 -188.27246499061584
1.20450354026 0.999395555286 0.00281024070633 -187.89856696128845
1.35304777458 1.00205385374 0.00279184002989 -187.95662331581116
1.51991108295 1.00450407684 0.00312468848118 -187.87699103355408
1.70735264747 1.00450398315 0.0028110118719 -189.14061427116394
1.91791026167 0.997743192397 0.00263482301236 -188.0084753036499
2.15443469003 0.996879762341 0.00252068082996 -188.23072791099548
2.42012826479 1.00182425425 0.0024075421859 -187.71182489395142
2.71858824273 0.999141978 0.0023939209797 -189.02321004867554
3.05385550883 1.00184923047 0.00206043594533 -187.97348761558533
3.43046928631 0.999600003581 0.0023946756949 -188.06474828720093
3.85352859371 1.00142121712 0.00215266264327 -188.08414506912231
4.32876128108 0.99628844943 0.00212932005467 -189.03095149993896
4.86260158007 1.00299467012 0.00215635523593 -188.09354305267334
5.46227721768 0.999883517702 0.00229160300462 -188.1994903087616
6.13590727341 0.999248964862 0.00219495665578 -187.9693524837494
6.89261210435 1.00061258712 0.00192382609396 -188.7691526412964
7.74263682681 0.998678927192 0.00226364048298 -188.21415162086487
8.69749002618 0.998986162629 0.00202122733635 -187.8584861755371
9.77009957299 1.0019224035 0.00210648103663 -188.5031771659851
10.9749876549 0.992194255353 0.00221580606381 -188.95502829551697
12.3284673944 0.997250273025 0.00199488308921 -187.94608426094055
13.8488637139 0.996099922278 0.00219342257324 -188.18900632858276
15.5567614393 0.993727307214 0.00203374140202 -188.18477773666382
17.4752840001 0.995364820825 0.00218537132913 -188.90694952011108
19.6304065004 0.997807906414 0.0021825984797 -188.0298454761505
22.051307399 0.997207729846 0.00236958847615 -188.13154554367065
24.7707635599 0.998319367058 0.00202884716192 -187.6870357990265
27.8255940221 0.999378409445 0.00212944854198 -188.71535992622375
31.2571584969 0.99881199217 0.00223124264273 -187.98249173164368
35.1119173422 1.00033238665 0.00213002476164 -187.95666670799255
39.4420605944 0.999752082283 0.00199852290357 -188.0541684627533
44.3062145758 0.996807841679 0.0022937041807 -188.6142373085022
49.7702356433 1.0007062689 0.00231695321543 -187.9443838596344
55.9081018251 0.99849864621 0.00209827769316 -187.923987865448
62.8029144183 0.99328577022 0.00226930948916 -187.66982126235962
70.5480231072 0.996529567661 0.00209109803221 -188.4595181941986
79.2482898354 0.999939688752 0.00204410874527 -187.8929102420807
89.0215085445 1.00124551195 0.0020220002802 -187.8666787147522
100.0 1.00040357217 0.00255308355022 -187.57761240005493
