0.001 1.99641324783 0.0100579427018 180.0576410293579
0.00112332403298 1.99658362722 0.0109581228283 179.13948512077332
0.00126185688307 1.99940959861 0.0104650380767 179.71520972251892
0.00141747416293 1.9847274498 0.0102604501137 179.79380249977112
0.00159228279334 1.97602049633 0.0104266996337 178.69248604774475
0.00178864952906 1.99913884969 0.00958774351271 178.29201889038086
0.00200923300257 1.99904277381 0.00993768784043 178.72474479675293
0.00225701971963 2.00849241769 0.0111185376444 178.11729669570923
0.00253536449397 1.98290000537 0.0107137278884 178.57746839523315
0.00284803586844 1.99302512235 0.00905576923149 178.70021963119507
0.0031992671378 1.988013933 0.00972413189438 178.10833406448364
0.0035938136638 1.98474718638 0.0118270766487 177.94471979141235
0.0040370172586 1.99286741895 0.00978094443892 178.46387267112732
0.00453487850813 1.99092648121 0.0109443072173 178.61175560951233
0.00509413801482 1.97518252797 0.0107573939647 178.38447737693787
0.00572236765935 1.98284519126 0.0115096661345 178.10483765602112
0.00642807311728 2.00672667083 0.0110401661305 178.86596417427063
0.00722080901839 1.99287554598 0.0111347446519 177.69707083702087
0.0081113083079 1.9757971677 0.0094455841717 178.44432973861694
0.00911162756115 2.00503960204 0.0107235657046 178.20876264572144
0.010235310219 1.98383385299 0.00926938964665 178.41132187843323
0.011497569954 1.98326015748 0.0100520803958 178.25940418243408
0.0129154966501 1.9933003967 0.0106978229112 178.8273150920868
0.014508287785 1.99720469057 0.0111962719668 178.5510184764862
0.0162975083462 1.96743976059 0.00884271898351 179.46599507331848
0.018307382803 1.99124004919 0.00969676858398 179.9998049736023
0.0205651230835 1.97813825255 0.0114236800935 179.72097992897034
0.0231012970008 1.97278371995 0.00940736042525 179.7790846824646
0.025950242114 1.98654035806 0.0105750424491 178.73223114013672
0.0291505306283 1.98065076849 0.0095902560805 178.71521472930908
0.0327454916288 1.97795388181 0.00947102849963 178.3195424079895
0.0367837977183 1.96614392637 0.0116586950241 177.90691590309143
0.0413201240012 1.96964487526 0.00901208307808 178.37576031684875
0.0464158883361 1.96810044916 0.0102613774067 178.96432733535767
0.05214008288 1.95325704399 0.00989850882471 178.54265832901
0.0585702081806 1.97870838336 0.0102361294247 178.5508496761322
0.0657933224658 1.95228264829 0.00932835440512 178.51648020744324
0.0739072203353 1.93666901653 0.0100497694034 178.52925658226013
0.0830217568132 1.9356771459 0.0102685671272 178.58939838409424
0.0932603346883 1.93529029098 0.00919746588878 179.2830593585968
0.104761575279 1.92490633571 0.00937395780941 179.2151472568512
0.117681195243 1.9062894388 0.00968319623361 178.87187790870667
0.132194114847 1.89848141467 0.00980561643374 177.98349165916443
0.148496826225 1.8876949844 0.00947766182862 177.6595220565796
0.16681005372 1.87226593507 0.00946062546357 178.55808568000793
0.187381742286 1.86784304942 0.00906070243174 179.09871220588684
0.210490414451 1.86044766813 0.0089917725112 178.38666009902954
0.236448941265 1.85164040786 0.00927911582746 179.00135612487793
0.265608778295 1.82870672218 0.00878369364791 178.9569902420044
0.298364724028 1.79168688532 0.00773325367969 178.96619319915771
0.335160265094 1.78160291901 0.00818217231905 178.5712766647339
0.376493580679 1.74681668172 0.00779816285068 179.3829698562622
0.422924287439 1.7292246336 0.00736651136547 179.3261992931366
0.47508101621 1.69143090907 0.00869312032042 179.74779677391052
0.533669923121 1.66466222426 0.00810907583172 179.2237904071808
0.599484250319 1.62530435493 0.00751382338751 178.51696181297302
0.673415065775 1.58218259716 0.00713182064218 179.6714370250702
0.756463327555 1.52874944475 0.00663301185235 180.52189564704895
0.849753435909 1.46841539627 0.005972558968 180.11978960037231
0.954548456662 1.40673704465 0.0050160118654 181.4875590801239
1.07226722201 1.33799885525 0.00450106260417 180.64435243606567
1.20450354026 1.25731955809 0.00433470218973 179.77127313613892
1.35304777458 1.16437649313 0.00417062390718 180.02993202209473
1.51991108295 1.08781085135 0.00293833237084 180.1626431941986
1.70735264747 0.999173588035 0.00276630253346 180.46575140953064
1.91791026167 0.923088950761 0.0023232400969 180.1620798110962
2.15443469003 0.836117282368 0.00195995455564 179.9113428592682
2.42012826479 0.759712452357 0.00162224940982 180.9296214580536
2.71858824273 0.69041667562 0.00157134623138 180.67258667945862
3.05385550883 0.621784013396 0.00121273329509 180.63765001296997
3.43046928631 0.558816838811 0.00125927893814 181.38748502731323
3.85352859371 0.502497875772 0.00103968807606 181.3504343032837
4.32876128108 0.449672889647 0.000883294500976 180.6259684562683
4.86260158007 0.404203413252 0.000716122970121 180.58932518959045
5.46227721768 0.360225654551 0.000673302856214 180.66667008399963
6.13590727341 0.321236250658 0.000550054349132 181.57986402511597
generate_tau_table.py:43: RuntimeWarning: overflow encountered in exp
  return np.exp(-t/tau)
6.89261210435 0.287908632757 0.000481559774222 182.44636964797974
7.74263682681 0.256151443733 0.000407958362127 181.07618641853333
8.69749002618 0.227373081728 0.000348818785382 181.04186487197876
9.77009957299 0.203867192979 0.000288137071166 181.6507053375244
10.9749876549 0.181298269285 0.000245660470068 182.31588888168335
12.3284673944 0.161487491639 0.000198123724591 181.55612993240356
13.8488637139 0.144000215194 0.000157141732944 181.2730176448822
15.5567614393 0.128298124267 0.000140073928166 181.96141815185547
17.4752840001 0.114080694917 0.000116904009435 181.40073108673096
19.6304065004 0.101615518093 0.000112223182441 181.11207342147827
22.051307399 0.0905463547284 8.30659064452e-05 181.53204679489136
24.7707635599 0.080586067727 7.6355550618e-05 181.5447416305542
27.8255940221 0.0717760197857 5.70085207783e-05 181.60320496559143
31.2571584969 0.0639204281816 5.02466053934e-05 181.3997781276703
35.1119173422 0.0569337760298 4.1035211548e-05 181.82640767097473
39.4420605944 0.0507595259493 3.44333121826e-05 182.24827194213867
44.3062145758 0.0450906394504 3.15952363341e-05 183.52277517318726
49.7702356433 0.0401724838097 2.63963847148e-05 182.5577838420868
55.9081018251 0.0357935301622 2.36360899023e-05 182.30206680297852
62.8029144183 0.0318152852987 1.76720247416e-05 182.81400728225708
70.5480231072 0.028331391274 1.62618232835e-05 182.34726786613464
79.2482898354 0.025233810113 1.28088085853e-05 181.27023601531982
/home-1/ahopki15@jhu.edu/anaconda3/lib/python3.6/site-packages/scipy/optimize/minpack.py:779: OptimizeWarning: Covariance of the parameters could not be estimated
  category=OptimizeWarning)
89.0215085445 0.0213645610995 0.000484656043191 182.25868892669678
100.0 0.0142601792495 0.000899382648979 182.00378847122192
