0.001 5.04599073877 0.0409843310185 172.99033379554749
0.00112332403298 5.00389236414 0.0381267712854 173.25837779045105
0.00126185688307 5.03677260424 0.0393287466222 173.2578296661377
0.00141747416293 5.02782858471 0.0363236906618 173.3083837032318
0.00159228279334 4.96497339099 0.0398958894317 173.1624128818512
0.00178864952906 5.00322735533 0.0397726962049 172.9720995426178
0.00200923300257 5.01537631922 0.047162399949 173.12327313423157
0.00225701971963 4.93016238797 0.0399584955354 173.60063767433167
0.00253536449397 4.94717302174 0.0361788209567 173.25641751289368
0.00284803586844 4.95740063313 0.0436029674522 173.5285360813141
0.0031992671378 4.94253683876 0.0372610056669 173.632342338562
0.0035938136638 4.91569408602 0.0469562583418 173.44162034988403
0.0040370172586 4.96329078636 0.0451096619986 173.4513213634491
0.00453487850813 4.96431215992 0.0419058371636 174.0523374080658
0.00509413801482 4.94531982459 0.0427685209802 173.18599271774292
0.00572236765935 4.91577193363 0.0391906832446 173.49943661689758
0.00642807311728 4.94720488107 0.0416962533127 174.00619506835938
0.00722080901839 4.92651179821 0.0358240168298 173.49305200576782
0.0081113083079 4.98539852849 0.0416079179398 173.33515453338623
0.00911162756115 4.98130882917 0.0389376219211 173.46908116340637
0.010235310219 4.95967880789 0.043634500476 173.25850319862366
0.011497569954 4.9382774073 0.0461225390495 173.44099521636963
0.0129154966501 4.9689633675 0.0380576412688 173.36753273010254
0.014508287785 4.95411607411 0.0469477130187 173.1744463443756
0.0162975083462 4.94040091871 0.0400015951873 173.2138867378235
0.018307382803 4.94264285788 0.0425553083111 173.06469869613647
0.0205651230835 4.93610560609 0.0395152023388 173.38072180747986
0.0231012970008 4.87239101068 0.0420981077585 173.0329134464264
0.025950242114 4.91571946375 0.0382206111932 173.1913800239563
0.0291505306283 4.93133825865 0.0359269235251 173.0915069580078
0.0327454916288 4.92719091841 0.0387823880611 173.4088318347931
0.0367837977183 4.923512313 0.0402315494351 173.1551706790924
0.0413201240012 4.89437453841 0.0371285781751 173.1517870426178
0.0464158883361 4.87729891499 0.0452575507104 173.49016046524048
0.05214008288 4.93865057047 0.0370099416461 173.31527161598206
0.0585702081806 4.83148688177 0.032557783559 173.30337166786194
0.0657933224658 4.88796402897 0.0444157908816 173.353262424469
0.0739072203353 4.80416028288 0.0373308073693 173.56030917167664
0.0830217568132 4.90825673046 0.0383382703691 173.1419484615326
0.0932603346883 4.86263587354 0.0384437215979 173.41164898872375
0.104761575279 4.84407194836 0.04082854708 173.4168016910553
0.117681195243 4.7471297393 0.0337682961405 173.06754660606384
0.132194114847 4.7304112649 0.0353486980225 173.50404858589172
0.148496826225 4.77973076033 0.0376135824115 173.3717176914215
0.16681005372 4.65367832145 0.0375054942708 173.24401259422302
0.187381742286 4.6552843433 0.0356152290144 173.38780903816223
0.210490414451 4.64170116106 0.035356350537 173.39818954467773
0.236448941265 4.64971649582 0.0367326116965 173.41049242019653
0.265608778295 4.53315033363 0.0330753377281 173.65927863121033
0.298364724028 4.48976886437 0.0369570162955 173.46001076698303
0.335160265094 4.45522396127 0.0335262260125 173.34088683128357
0.376493580679 4.37563467903 0.0280922173357 173.54871940612793
0.422924287439 4.27230111633 0.0321110266346 173.7238631248474
0.47508101621 4.21770410587 0.0268555875662 173.60445952415466
0.533669923121 4.11790314966 0.0291764894644 173.40060997009277
0.599484250319 4.02528689845 0.0266744419564 173.6688747406006
0.673415065775 3.9602547635 0.0263765015928 173.8445267677307
0.756463327555 3.7811495062 0.0213366894756 173.8384656906128
0.849753435909 3.62378506199 0.0212808278691 173.95529198646545
0.954548456662 3.49149374599 0.0204014539242 174.02719807624817
1.07226722201 3.2947392482 0.0169768226726 174.11915159225464
1.20450354026 3.14454059686 0.0175160541843 174.34895634651184
1.35304777458 2.92017343516 0.01418346753 174.1604232788086
1.51991108295 2.69028585825 0.0121268528694 174.49171590805054
1.70735264747 2.49812782284 0.0106613906314 174.27559447288513
1.91791026167 2.28873663288 0.00955253024676 174.18091416358948
2.15443469003 2.08063637657 0.00738832297195 174.274423122406
2.42012826479 1.90055886858 0.00651406066271 174.33364844322205
2.71858824273 1.70654018681 0.00623601303668 174.2170593738556
3.05385550883 1.54634546737 0.00523066238557 174.31328701972961
3.43046928631 1.40249648018 0.00405099592149 174.44644403457642
3.85352859371 1.25343589289 0.00314606011664 174.58797526359558
4.32876128108 1.11765310599 0.00297926974093 174.7225046157837
4.86260158007 1.0048801092 0.00230793648805 174.68312573432922
5.46227721768 0.896772216116 0.00191880065538 174.84143900871277
6.13590727341 0.805207211878 0.00215644907367 174.76521110534668
6.89261210435 0.715178385078 0.00144326584497 174.60849380493164
7.74263682681 0.640302888408 0.00133204007374 174.46385788917542
8.69749002618 0.571784830691 0.00101417845064 174.41771054267883
9.77009957299 0.508870524396 0.000933138212684 174.5095992088318
10.9749876549 0.45357611392 0.000788190504458 174.53507947921753
12.3284673944 0.404848558616 0.000721638910413 174.56172680854797
13.8488637139 0.359258862828 0.000679003851181 174.712388753891
15.5567614393 0.320042198516 0.000542478376198 174.82575464248657
generate_tau_table.py:43: RuntimeWarning: overflow encountered in exp
  return np.exp(-t/tau)
17.4752840001 0.286202735813 0.000459691779075 174.82054209709167
19.6304065004 0.254125885368 0.00037469154107 174.597971200943
22.051307399 0.225926918005 0.000360063641768 174.51923036575317
24.7707635599 0.201745253233 0.000293960576037 174.86878156661987
27.8255940221 0.179431833182 0.000204477983704 174.52554988861084
31.2571584969 0.160152279148 0.000224791434011 174.8114674091339
35.1119173422 0.142251215175 0.000185565690279 174.7307267189026
39.4420605944 0.126792320226 0.000138161601637 174.60055208206177
44.3062145758 0.112863855394 0.000109973331293 174.93199157714844
49.7702356433 0.100221050655 9.56208543015e-05 174.69881582260132
55.9081018251 0.0893247666668 7.8040207056e-05 174.9493682384491
62.8029144183 0.0795463479569 7.09712951348e-05 175.10956001281738
70.5480231072 0.0707599218227 5.63175502694e-05 174.83493566513062
79.2482898354 0.063118530757 4.9709918991e-05 175.34366250038147
89.0215085445 0.0560802378228 4.17324692878e-05 175.0513038635254
100.0 0.0500115461311 3.5614139458e-05 175.13444662094116
