0.001 6.05827303772 0.058097644239 175.9677391052246
0.00112332403298 6.02263022299 0.0509502073214 176.17778658866882
0.00126185688307 6.01189814083 0.0609068463397 176.33028888702393
0.00141747416293 5.93470281149 0.0524600006604 175.8751208782196
0.00159228279334 5.90572105813 0.0546046295406 176.23399806022644
0.00178864952906 6.05146787837 0.0569878597932 176.04816603660583
0.00200923300257 5.89585159684 0.0527075904438 176.00077056884766
0.00225701971963 6.07199902987 0.0497059747424 176.37616872787476
0.00253536449397 6.02931323982 0.0554651183982 176.42547297477722
0.00284803586844 6.00371454743 0.0605124403134 176.62507891654968
0.0031992671378 5.93189277202 0.0505840148471 176.293785572052
0.0035938136638 6.01134356434 0.0504223070089 176.55313968658447
0.0040370172586 6.0593039987 0.0638955101785 176.5263912677765
0.00453487850813 5.96323678802 0.0484968424403 176.52198314666748
0.00509413801482 5.99720683977 0.0623574418758 176.29844641685486
0.00572236765935 5.94171229253 0.0522787299321 176.47224950790405
0.00642807311728 5.91216487603 0.0514070471382 176.36899375915527
0.00722080901839 6.01885709503 0.0508666597485 176.4280457496643
0.0081113083079 5.90720780139 0.0567867965094 176.51693725585938
0.00911162756115 5.96284678506 0.0581655795048 176.2519235610962
0.010235310219 5.91650548896 0.0487369178486 176.4271686077118
0.011497569954 5.89386982902 0.0564238589104 176.48837089538574
0.0129154966501 6.00646126456 0.0556381423888 176.00868964195251
0.014508287785 6.02914235274 0.0537240945385 176.29993152618408
0.0162975083462 5.95082939979 0.0474148265562 176.3473162651062
0.018307382803 5.9020844138 0.0557843459252 176.01718187332153
0.0205651230835 5.96604535669 0.0520068417107 176.06810975074768
0.0231012970008 5.9263019655 0.0543816525128 176.06334781646729
0.025950242114 5.9379465118 0.0520739205985 176.0093288421631
0.0291505306283 5.95192151534 0.0532301893002 175.88668537139893
0.0327454916288 5.8163580702 0.0555172533107 176.32585382461548
0.0367837977183 5.91370143978 0.0491318590761 176.37725734710693
0.0413201240012 5.8262586267 0.0553309062548 175.9007785320282
0.0464158883361 5.86092269063 0.0544153016466 176.52469325065613
0.05214008288 5.82921372787 0.0544366936233 176.58352637290955
0.0585702081806 6.00194686922 0.053839519764 176.1801998615265
0.0657933224658 5.83381475957 0.0489433688781 176.21313548088074
0.0739072203353 5.8793413363 0.0581809284318 176.19680833816528
0.0830217568132 5.77894305183 0.0571653152137 176.08362698554993
0.0932603346883 5.68265088012 0.055133668529 176.4227147102356
0.104761575279 5.69204040831 0.0460634290068 176.37193298339844
0.117681195243 5.64227958137 0.0447940600365 176.41799879074097
0.132194114847 5.75194526296 0.0518975761641 175.87510108947754
0.148496826225 5.5972363496 0.04506051728 176.5753951072693
0.16681005372 5.57265548196 0.048313200582 176.3644573688507
0.187381742286 5.63997511187 0.0462455129928 176.1766541004181
0.210490414451 5.52698592693 0.0450991005775 176.42489957809448
0.236448941265 5.51022972493 0.0503565653616 176.51775932312012
0.265608778295 5.44562186625 0.0470885305255 176.57004714012146
0.298364724028 5.38803642053 0.0462971811334 176.02411794662476
0.335160265094 5.33532973122 0.0414555568893 176.70868182182312
0.376493580679 5.23476821565 0.0379788418541 176.8411569595337
0.422924287439 5.16224835989 0.0405901152555 176.3748061656952
0.47508101621 4.98624397767 0.0379148177893 176.5545060634613
0.533669923121 4.93312820818 0.0369568252052 176.69127225875854
0.599484250319 4.83274678948 0.0325399009906 176.63002252578735
0.673415065775 4.68811590453 0.0335307914448 176.72468757629395
0.756463327555 4.52441488691 0.0293794805162 177.32927203178406
0.849753435909 4.40163060163 0.025763700285 177.30206561088562
0.954548456662 4.1646358097 0.0248003331893 177.48145842552185
1.07226722201 3.99035917854 0.0215754886606 177.71227550506592
1.20450354026 3.75343510654 0.0212954895872 177.64557886123657
1.35304777458 3.44805042514 0.0183264936311 177.75729250907898
1.51991108295 3.24561181825 0.014815880306 177.8536195755005
1.70735264747 2.99108012296 0.0160888834961 177.76214861869812
1.91791026167 2.71837052991 0.0119262545409 177.95247077941895
2.15443469003 2.49469368199 0.0107451591824 178.00424551963806
2.42012826479 2.27322755234 0.00882938380372 177.60842156410217
2.71858824273 2.04569762101 0.00704334336631 177.8373200893402
3.05385550883 1.85058500735 0.00584015582737 178.10159587860107
3.43046928631 1.66727828579 0.00542756058827 178.20534443855286
3.85352859371 1.50080976283 0.00415512475132 178.2574384212494
4.32876128108 1.35092131512 0.00307530683017 178.7750895023346
4.86260158007 1.20413439373 0.00296087307811 178.56815695762634
5.46227721768 1.07647398256 0.00275906607469 178.38948941230774
6.13590727341 0.964413936822 0.00235507020362 178.3244025707245
6.89261210435 0.859974713596 0.00180595394854 178.09659123420715
7.74263682681 0.766923419938 0.00157292525801 178.26023316383362
8.69749002618 0.68473774884 0.00136257545875 178.28605484962463
9.77009957299 0.60798348714 0.00130509852797 178.577534198761
10.9749876549 0.543698766069 0.0010937020415 178.16115021705627
12.3284673944 0.485513477735 0.000889109491287 178.40700769424438
13.8488637139 0.432230021946 0.000732926267563 178.32735776901245
15.5567614393 0.384248489505 0.000583736913233 178.20300221443176
17.4752840001 0.34282133166 0.000646357916628 178.49123811721802
19.6304065004 0.304786791295 0.000464241919221 178.45538997650146
generate_tau_table.py:43: RuntimeWarning: overflow encountered in exp
  return np.exp(-t/tau)
/home-1/ahopki15@jhu.edu/anaconda3/lib/python3.6/site-packages/scipy/optimize/minpack.py:779: OptimizeWarning: Covariance of the parameters could not be estimated
  category=OptimizeWarning)
22.051307399 0.269618847864 0.0027433739409 178.720543384552
24.7707635599 0.241636057262 0.000339937979033 178.8420991897583
27.8255940221 0.215526090683 0.000263211660865 178.87181615829468
31.2571584969 0.192386481301 0.000280014619631 179.1120264530182
35.1119173422 0.171056352129 0.000221869969709 178.87994694709778
39.4420605944 0.152004532127 0.000188342850584 178.9297730922699
44.3062145758 0.135513314926 0.000158072557074 179.0280261039734
49.7702356433 0.120607834572 0.000131633231673 179.1212146282196
55.9081018251 0.107311221593 0.000118017010941 179.45885586738586
62.8029144183 0.0954008118716 8.35466670306e-05 179.23913836479187
70.5480231072 0.0850135954121 7.61914926654e-05 179.63006329536438
79.2482898354 0.0756232698119 6.89307393489e-05 179.10296082496643
89.0215085445 0.0674473809235 5.4806943545e-05 178.48552823066711
100.0 0.059955826107 4.32805822905e-05 178.57615756988525
