0.001 3.0272215181 0.0188674263531 198.48162174224854
0.00112332403298 3.02432701028 0.0172960912622 197.0486044883728
0.00126185688307 3.02495445135 0.0208485115423 198.0511236190796
0.00141747416293 3.02999516073 0.0184176288677 198.79142093658447
0.00159228279334 2.96570560823 0.0202351662625 196.14586520195007
0.00178864952906 3.00175495199 0.0226037272257 195.63120794296265
0.00200923300257 2.99135794532 0.0204065372407 195.80451560020447
0.00225701971963 2.96243975698 0.0185968993647 197.33408379554749
0.00253536449397 2.99075157672 0.0197915736449 196.66669702529907
0.00284803586844 2.98741825132 0.0189382801183 195.9839963912964
0.0031992671378 2.94736234978 0.0167896684903 195.9434895515442
0.0035938136638 2.98021317719 0.0197060967126 197.26575183868408
0.0040370172586 2.97477839037 0.0197735975554 197.50841665267944
0.00453487850813 2.98655945055 0.0190683145138 196.73167037963867
0.00509413801482 2.97234209615 0.0162005069459 196.31580758094788
0.00572236765935 2.95607246357 0.0181757244288 196.22260665893555
0.00642807311728 2.95377946952 0.0173195834631 196.5921139717102
0.00722080901839 2.96652342111 0.0180929919848 196.535564661026
0.0081113083079 2.99609441771 0.0198335539174 196.54129338264465
0.00911162756115 2.98973124653 0.0184775375553 196.6797697544098
0.010235310219 2.98296870634 0.0204137590888 196.12415075302124
0.011497569954 2.98547572625 0.0172601896162 196.75293898582458
0.0129154966501 2.95246078943 0.0193974970483 198.3138198852539
0.014508287785 2.97757937989 0.0181599493486 197.96250677108765
0.0162975083462 2.92682796945 0.0183521479686 198.3914921283722
0.018307382803 2.96611156116 0.0179310714452 196.05485725402832
0.0205651230835 2.97565645388 0.0208757298153 196.13380575180054
0.0231012970008 2.97807807592 0.0206758254474 196.15015864372253
0.025950242114 2.97468343952 0.019485378581 195.937602519989
0.0291505306283 2.95435754191 0.0187640041341 196.5980100631714
0.0327454916288 2.97012536431 0.0168845736066 196.47524309158325
0.0367837977183 3.00698709052 0.0179607212016 196.54318380355835
0.0413201240012 2.95626312083 0.0210686257164 196.8044261932373
0.0464158883361 2.96201255555 0.0179770636259 196.66234064102173
0.05214008288 2.92595505746 0.0170361135445 196.39515113830566
0.0585702081806 2.90628592691 0.0173848158984 197.13629174232483
0.0657933224658 2.9273842684 0.019097236477 197.39762687683105
0.0739072203353 2.89435885736 0.0187446763732 196.45597434043884
0.0830217568132 2.91001420935 0.0182116251972 195.36902809143066
0.0932603346883 2.89511472891 0.0172719328189 195.0945644378662
0.104761575279 2.85600672308 0.0171335047023 196.6399233341217
0.117681195243 2.85427903854 0.017659300542 196.81702542304993
0.132194114847 2.8596985042 0.0183478035075 196.47933101654053
0.148496826225 2.82986074966 0.0188894897246 197.91546726226807
0.16681005372 2.7860306784 0.0172769716925 196.1392412185669
0.187381742286 2.80350430418 0.0174535876325 195.60157918930054
0.210490414451 2.79691095402 0.0143976446725 196.99764132499695
0.236448941265 2.74996751607 0.014983059912 196.82483410835266
0.265608778295 2.74064512948 0.0174907927576 196.47520852088928
0.298364724028 2.70080297219 0.0144732691697 196.9696023464203
0.335160265094 2.65817301451 0.0152168936252 195.64426922798157
0.376493580679 2.61092575174 0.0145107087234 197.3260772228241
0.422924287439 2.60378039144 0.0149198594848 195.5284173488617
0.47508101621 2.52533046186 0.0129910315562 197.9778437614441
0.533669923121 2.47242983862 0.0107230148915 198.30834341049194
0.599484250319 2.4298436708 0.0120750723038 196.00176668167114
0.673415065775 2.38375761743 0.0138844225154 195.513352394104
0.756463327555 2.29359109005 0.0117329430578 196.83720707893372
0.849753435909 2.1981443642 0.010928088172 197.7948591709137
0.954548456662 2.11673931954 0.00919690765322 197.70393919944763
1.07226722201 1.99370768008 0.00737850437292 196.3985149860382
1.20450354026 1.87670732633 0.00763278322607 197.76545333862305
1.35304777458 1.76361957484 0.00648110083987 197.4145107269287
1.51991108295 1.63048194059 0.00574915364422 198.61563324928284
1.70735264747 1.49625605198 0.00484109082695 199.6299924850464
1.91791026167 1.38277171161 0.00465803376396 199.0395154953003
2.15443469003 1.25340692309 0.00363460004729 196.6396768093109
2.42012826479 1.13651114723 0.00354879235466 198.46582746505737
2.71858824273 1.04016237135 0.00312921482042 197.4887981414795
3.05385550883 0.927320364762 0.00216556545289 200.0120074748993
3.43046928631 0.837179436472 0.00206664568774 197.96378374099731
3.85352859371 0.749878198336 0.0017475458436 197.7305941581726
4.32876128108 0.675188030914 0.00151744297745 198.2231273651123
4.86260158007 0.601713438128 0.00115231101611 199.70487022399902
5.46227721768 0.540970736324 0.00106357947722 199.0388445854187
6.13590727341 0.483897446766 0.00092246102479 198.93542575836182
6.89261210435 0.431306318042 0.000833473505011 199.35384964942932
7.74263682681 0.384568177911 0.000716737712171 197.51284384727478
8.69749002618 0.341620135456 0.000548794583193 197.6803503036499
9.77009957299 0.305580674487 0.000541384445768 199.7827651500702
generate_tau_table.py:43: RuntimeWarning: overflow encountered in exp
  return np.exp(-t/tau)
10.9749876549 0.272356839496 0.000431893671629 200.16182589530945
12.3284673944 0.242579094395 0.000336786549011 198.93249368667603
13.8488637139 0.216475115778 0.000320682127576 198.10594654083252
15.5567614393 0.191556896582 0.000271840044561 200.5135247707367
17.4752840001 0.171366917158 0.000239292831677 200.91133379936218
19.6304065004 0.152593064323 0.000188051266116 201.8176109790802
22.051307399 0.136178527053 0.000148102013904 200.84280395507812
24.7707635599 0.12092594023 0.00013382718901 200.15152215957642
27.8255940221 0.1077627301 9.34118126177e-05 200.01728987693787
31.2571584969 0.0957481769007 8.91654495231e-05 199.10321617126465
35.1119173422 0.0854406199684 7.89168949496e-05 199.70917320251465
39.4420605944 0.0759839107376 6.65890498924e-05 197.83854579925537
44.3062145758 0.0676768303016 5.25677504836e-05 196.75828576087952
49.7702356433 0.0602669441377 4.51606186442e-05 199.2565529346466
55.9081018251 0.0536438048489 4.39076033492e-05 201.1807780265808
62.8029144183 0.04775024565 2.87403768778e-05 201.0296802520752
70.5480231072 0.042471368881 2.73188278004e-05 198.41851377487183
79.2482898354 0.0378563530184 2.34063272032e-05 196.87047219276428
89.0215085445 0.0337248185985 1.80599276199e-05 198.5692343711853
100.0 0.0299759205341 1.89109800475e-05 199.89253282546997
