0.001 4.04621171281 0.028910584646 187.91236186027527
0.00112332403298 3.98498995035 0.0279421877491 188.12803316116333
0.00126185688307 3.97201256267 0.024676554636 188.24856448173523
0.00141747416293 4.00094563977 0.0288756794174 188.3148899078369
0.00159228279334 4.04159846991 0.0349715118661 188.19175696372986
0.00178864952906 4.0060608356 0.0275020364523 188.26094126701355
0.00200923300257 3.99062023219 0.0273862140142 188.10482144355774
0.00225701971963 3.98643341787 0.0299519480961 188.26182222366333
0.00253536449397 3.99336149704 0.0277590769181 188.58023810386658
0.00284803586844 3.96607440429 0.0288300476523 188.72637033462524
0.0031992671378 4.02317119073 0.029721957473 188.54132556915283
0.0035938136638 4.02460301026 0.0280728920074 188.59926962852478
0.0040370172586 4.0036371556 0.0342968554941 188.7870421409607
0.00453487850813 3.93680093082 0.0309346084535 188.37441563606262
0.00509413801482 3.98836021854 0.0303334688184 188.43200135231018
0.00572236765935 3.9875508097 0.0314834528563 188.8100938796997
0.00642807311728 3.99046308901 0.0280226304272 188.73939394950867
0.00722080901839 3.97922156306 0.0291491010373 188.21526503562927
0.0081113083079 3.98179405431 0.0308040141927 188.4547061920166
0.00911162756115 3.98636823008 0.0286009903918 187.93347930908203
0.010235310219 3.99448462674 0.0286399255021 188.41573762893677
0.011497569954 3.91395603039 0.0237811349214 188.4901249408722
0.0129154966501 3.95785955576 0.0272645093391 188.44293332099915
0.014508287785 3.98490160893 0.0314970632661 188.02626419067383
0.0162975083462 3.98759558627 0.0301776090229 188.25302076339722
0.018307382803 3.9492496121 0.0313802635039 188.12645483016968
0.0205651230835 3.91632767683 0.0294434466268 188.23017692565918
0.0231012970008 3.96453919558 0.029718188637 188.08663702011108
0.025950242114 3.91229641551 0.0266974224262 188.24945259094238
0.0291505306283 3.9318191989 0.0295201946895 188.28036522865295
0.0327454916288 3.94206099277 0.0304065437752 188.47872591018677
0.0367837977183 3.95231204757 0.0310229566964 188.21608114242554
0.0413201240012 3.95152896861 0.0281217295579 188.30967450141907
0.0464158883361 3.92075178456 0.0282389263546 188.40612077713013
0.05214008288 3.92107400185 0.0270415539811 188.57011222839355
0.0585702081806 3.90773340412 0.024351342651 188.32488799095154
0.0657933224658 3.93941892282 0.0290074491082 188.27786922454834
0.0739072203353 3.92095147667 0.0264945401618 188.40712571144104
0.0830217568132 3.87603825426 0.0323193136437 188.4901340007782
0.0932603346883 3.86726766103 0.027147463506 188.36925745010376
0.104761575279 3.83844124503 0.0285891668536 188.4297332763672
0.117681195243 3.82974008183 0.0240047095636 188.25934290885925
0.132194114847 3.80713606459 0.0247544166071 188.55888175964355
0.148496826225 3.74897965119 0.025130954124 188.69555044174194
0.16681005372 3.8308267514 0.022579525414 188.49843740463257
0.187381742286 3.71836158823 0.0281471695926 188.59908294677734
0.210490414451 3.67692182624 0.0249470273433 188.40032172203064
0.236448941265 3.69688144629 0.0287538349153 188.57710933685303
0.265608778295 3.64808526723 0.0239054032641 188.7363588809967
0.298364724028 3.60520906318 0.0225523628745 188.67287278175354
0.335160265094 3.52600016329 0.0228780080034 188.4903907775879
0.376493580679 3.49770721587 0.0208665376022 188.50252985954285
0.422924287439 3.45930977122 0.0225892692368 188.58509588241577
0.47508101621 3.40022142531 0.0238577844014 188.48822689056396
0.533669923121 3.30943074668 0.0215580532188 188.60979175567627
0.599484250319 3.24631652218 0.0200377281633 188.96215772628784
0.673415065775 3.18768669696 0.0194596199602 189.11571550369263
0.756463327555 3.00495898911 0.0192484624016 189.09386801719666
0.849753435909 2.90614857943 0.0166572185241 189.2659285068512
0.954548456662 2.77998186005 0.0138952909348 189.74788403511047
1.07226722201 2.64871021989 0.0125863161284 189.94368696212769
1.20450354026 2.51079057658 0.0106633408025 190.0437262058258
1.35304777458 2.3323844286 0.0109304101932 190.10743856430054
1.51991108295 2.17211056548 0.00878621716672 190.12896871566772
1.70735264747 2.00129809863 0.0076003834577 190.50673246383667
1.91791026167 1.83632186074 0.00646839015593 190.72262239456177
2.15443469003 1.68119791004 0.00573250807746 190.73121666908264
2.42012826479 1.51711789979 0.00437817698451 191.00386714935303
2.71858824273 1.37111548616 0.0041436003925 190.74217104911804
3.05385550883 1.23363786257 0.00345076641381 190.81480813026428
3.43046928631 1.12004880838 0.00279785883863 190.74672937393188
3.85352859371 0.99897839128 0.00252471143688 190.32752752304077
4.32876128108 0.896225989047 0.00202434337691 190.57167959213257
4.86260158007 0.806380584625 0.00182440769976 190.82780385017395
5.46227721768 0.716190229831 0.00158387548345 190.7516725063324
6.13590727341 0.644907773716 0.0012634639266 190.77534198760986
6.89261210435 0.573548742851 0.00121029233653 190.7958483695984
7.74263682681 0.510601923076 0.00107192510349 190.98758625984192
8.69749002618 0.456314698819 0.000841533066422 190.86638355255127
9.77009957299 0.40611914269 0.000749056140154 190.76141691207886
10.9749876549 0.363037578731 0.000650045741516 190.97300577163696
12.3284673944 0.323165193672 0.00053580098974 190.86168503761292
generate_tau_table.py:43: RuntimeWarning: overflow encountered in exp
  return np.exp(-t/tau)
13.8488637139 0.287770685091 0.00046981968265 190.69759798049927
15.5567614393 0.256765828904 0.000447923252863 190.88427019119263
17.4752840001 0.228185336944 0.000357283392409 190.84638905525208
19.6304065004 0.20340660094 0.000284824298709 190.87782669067383
22.051307399 0.180955352816 0.000241671382284 190.94130682945251
24.7707635599 0.161155491848 0.000217058849859 190.82056307792664
27.8255940221 0.14353175462 0.000165423366506 190.8509964942932
31.2571584969 0.127826206287 0.000147618798375 191.47049570083618
35.1119173422 0.113829405358 0.000121631486042 191.29987716674805
39.4420605944 0.101292765002 9.67392453234e-05 191.01068091392517
44.3062145758 0.09027853094 8.23205628582e-05 190.0731384754181
49.7702356433 0.080365366324 6.89590217377e-05 190.6903920173645
55.9081018251 0.0715285732426 6.44887711587e-05 190.4036374092102
62.8029144183 0.0636638631398 5.05440850919e-05 190.79081892967224
70.5480231072 0.0566339912402 4.12111933921e-05 190.71507906913757
79.2482898354 0.0504672587155 3.31077921787e-05 190.55009722709656
89.0215085445 0.0449428998234 2.85347515103e-05 190.92806029319763
100.0 0.0399777665496 2.56123268758e-05 191.03364086151123
