0.001 7.09917066662 0.0722315875199 175.7525053024292
0.00112332403298 7.11104946693 0.0781476411345 176.5760087966919
0.00126185688307 6.90201703006 0.066255987029 176.15195846557617
0.00141747416293 7.06164298688 0.0781188958177 176.06904339790344
0.00159228279334 6.94916385032 0.0720684952646 176.36405873298645
0.00178864952906 6.99767172993 0.0640717660926 176.18350958824158
0.00200923300257 6.85964745821 0.0640820569897 175.88888263702393
0.00225701971963 7.01617813899 0.0721250170745 176.2676863670349
0.00253536449397 6.919132512 0.0625882007596 176.13748836517334
0.00284803586844 7.07862327723 0.0703624067278 176.1920702457428
0.0031992671378 6.91903260218 0.0704024205589 176.49587035179138
0.0035938136638 7.02947878165 0.0676887224166 175.9183247089386
0.0040370172586 6.93239246127 0.0690092497453 176.50037169456482
0.00453487850813 6.96359820788 0.0663145016141 176.17550539970398
0.00509413801482 6.97902312596 0.0689201427038 176.0297179222107
0.00572236765935 6.92897529126 0.0639168559657 176.4485719203949
0.00642807311728 6.97174761524 0.0599141682324 175.90682578086853
0.00722080901839 6.93997684426 0.0570502701786 176.62322115898132
0.0081113083079 6.80241167683 0.063736361172 175.95079970359802
0.00911162756115 6.97583139291 0.0603789289963 176.1943233013153
0.010235310219 6.83212511372 0.0568252855982 176.80591821670532
0.011497569954 7.02150876476 0.0724962570276 176.0642614364624
0.0129154966501 6.88407659348 0.0653801396891 176.5913028717041
0.014508287785 6.87044209023 0.0590541510933 176.37894439697266
0.0162975083462 6.8718619052 0.0628760281464 176.5356104373932
0.018307382803 6.8318108674 0.0713466651957 176.85735869407654
0.0205651230835 6.91244713666 0.0696627382223 177.9849362373352
0.0231012970008 6.85552362447 0.0688452462354 178.06626343727112
0.025950242114 6.80008232318 0.0688111502305 178.3589117527008
0.0291505306283 6.89178481326 0.0639506463995 178.31744050979614
0.0327454916288 6.80029069934 0.065791327694 178.16432356834412
0.0367837977183 6.91895952871 0.067971452138 178.78586387634277
0.0413201240012 6.76681467271 0.0651093259292 178.11124205589294
0.0464158883361 6.89662080386 0.0670000534023 178.91988372802734
0.05214008288 6.77920263681 0.0645768425075 177.89885187149048
0.0585702081806 6.73084772522 0.0599370514594 178.8421015739441
0.0657933224658 6.72666813643 0.060669889829 177.85847544670105
0.0739072203353 6.84160037999 0.0610553144302 178.40215802192688
0.0830217568132 6.72161892964 0.0691127513507 178.01318860054016
0.0932603346883 6.79064545846 0.0680214019888 178.30202388763428
0.104761575279 6.6330845371 0.0589908656568 178.16753673553467
0.117681195243 6.68446089384 0.0582884770568 178.0060260295868
0.132194114847 6.65674188807 0.0672151554978 178.506285905838
0.148496826225 6.71426784549 0.062379035 178.25020813941956
0.16681005372 6.60091644676 0.0617739648321 178.39809203147888
0.187381742286 6.53339543718 0.0631149765014 178.5520465373993
0.210490414451 6.43897947422 0.0558020309749 177.90713262557983
0.236448941265 6.37135883813 0.0578047499876 178.43962168693542
0.265608778295 6.42004500741 0.053817142231 178.5159764289856
0.298364724028 6.15722148082 0.0517864996138 178.40572547912598
0.335160265094 6.20092112301 0.0547934099953 178.63343262672424
0.376493580679 6.07380598455 0.0535075432851 178.71816325187683
0.422924287439 6.02193983355 0.0525373125424 178.00559830665588
0.47508101621 5.8616622247 0.0483781102218 178.33179879188538
0.533669923121 5.73411767207 0.0433400668738 178.93056344985962
0.599484250319 5.73084080668 0.0466575057413 178.84370851516724
0.673415065775 5.52064200497 0.0432587273631 179.2199432849884
0.756463327555 5.29911370533 0.0394022097836 179.0654981136322
0.849753435909 5.1208451496 0.0388089444941 179.10925149917603
0.954548456662 4.8875566066 0.0328577799263 179.19789218902588
1.07226722201 4.62442211084 0.0248596963532 179.91324734687805
1.20450354026 4.35397581356 0.0244010978768 179.17720317840576
1.35304777458 4.0744186422 0.0240991078835 179.7559928894043
1.51991108295 3.80462636506 0.0199506063738 179.85571765899658
1.70735264747 3.49688260384 0.0182327822352 179.66645765304565
1.91791026167 3.20626386038 0.015152017966 180.0171537399292
2.15443469003 2.92205835145 0.0137018083478 179.95126748085022
2.42012826479 2.64575806093 0.0107839658686 179.71605849266052
2.71858824273 2.40591310348 0.0100464295896 179.81894850730896
3.05385550883 2.17416042079 0.00753131982551 179.7925717830658
3.43046928631 1.95588975955 0.00584180391105 179.61706352233887
3.85352859371 1.7542661269 0.00619048329176 180.48396492004395
4.32876128108 1.57143672959 0.00514148219525 180.40220427513123
4.86260158007 1.4005386611 0.00423294031032 181.1852262020111
5.46227721768 1.25490414245 0.0032315841493 180.2984836101532
6.13590727341 1.11949979936 0.00274355049719 181.28462147712708
6.89261210435 1.00211382457 0.00228518445899 181.47345852851868
7.74263682681 0.897187188166 0.00180661414461 180.69093799591064
8.69749002618 0.800683477588 0.00183996408929 181.2895941734314
9.77009957299 0.710861806168 0.00151821116786 181.0467267036438
10.9749876549 0.635250032879 0.00128870516144 181.40962028503418
12.3284673944 0.565133834802 0.0011170712739 181.06005764007568
13.8488637139 0.504940704394 0.000977961088558 181.1644241809845
15.5567614393 0.449982183132 0.000813413280363 180.94016003608704
17.4752840001 0.400428329389 0.000629475881125 181.01963710784912
19.6304065004 0.356582999181 0.000618957437317 181.17128562927246
22.051307399 0.317081697206 0.00051247788865 181.5400402545929
generate_tau_table.py:43: RuntimeWarning: overflow encountered in exp
  return np.exp(-t/tau)
/home-1/ahopki15@jhu.edu/anaconda3/lib/python3.6/site-packages/scipy/optimize/minpack.py:779: OptimizeWarning: Covariance of the parameters could not be estimated
  category=OptimizeWarning)
24.7707635599 0.280016823394 0.00284822461301 181.7142219543457
27.8255940221 0.251205241285 0.000359064260773 181.19215369224548
31.2571584969 0.223578658565 0.000292474772569 183.19465851783752
35.1119173422 0.199669869737 0.000247161198927 181.72474217414856
39.4420605944 0.176968774523 0.000226342460532 181.77473092079163
44.3062145758 0.15766809455 0.000180112097804 182.2147364616394
49.7702356433 0.140504113426 0.000167286349015 181.22030210494995
55.9081018251 0.125100407654 0.000138461658639 182.30070400238037
62.8029144183 0.111551138562 0.000104259336466 181.28210377693176
70.5480231072 0.0992337226297 0.000102953452192 181.55144739151
79.2482898354 0.0884290545094 7.18480695962e-05 182.3331069946289
89.0215085445 0.0785712245094 6.94073798749e-05 181.6500060558319
100.0 0.0699263810115 5.79775954698e-05 181.99441266059875
