0.001 7.96719795288 0.0899148083272 179.11178135871887
0.00112332403298 8.01360133894 0.0751308150911 179.257550239563
0.00126185688307 7.9959227637 0.0795126547515 179.18227887153625
0.00141747416293 7.83349382176 0.0742756738424 178.92020177841187
0.00159228279334 8.06208056925 0.0893894223956 179.32427287101746
0.00178864952906 7.91140328497 0.0770997569945 179.29161667823792
0.00200923300257 7.88376723218 0.0741183794134 178.83727836608887
0.00225701971963 7.99992328369 0.0882030046205 179.28296327590942
0.00253536449397 7.91807960785 0.0762445157385 179.23397850990295
0.00284803586844 7.99584105055 0.0812349591895 179.08495354652405
0.0031992671378 7.97558563891 0.0933379650455 179.09411144256592
0.0035938136638 8.08562653714 0.0920765142492 179.30310153961182
0.0040370172586 7.79017818404 0.0846851533841 178.67220211029053
0.00453487850813 7.87682926524 0.0881635428294 179.2726650238037
0.00509413801482 7.8361180523 0.0755234926707 178.93008494377136
0.00572236765935 7.92465952634 0.0828923372169 179.22879219055176
0.00642807311728 7.91184652844 0.0837461254282 179.25225186347961
0.00722080901839 7.85899691907 0.0745668930295 178.70223212242126
0.0081113083079 8.00802670138 0.0862075709463 179.08119988441467
0.00911162756115 7.88151943192 0.0855497285505 179.41155529022217
0.010235310219 7.81926746545 0.0812938976082 179.0340006351471
0.011497569954 7.9364821755 0.0877597823687 179.43778324127197
0.0129154966501 7.89151630179 0.0733818642854 178.97003650665283
0.014508287785 7.91162549077 0.091834100624 179.42167806625366
0.0162975083462 7.87199071811 0.0787412999144 179.42089128494263
0.018307382803 7.84086686269 0.0822817922912 180.74265027046204
0.0205651230835 7.80808814973 0.0843844885899 180.89779043197632
0.0231012970008 7.92924583229 0.0883597274713 181.2368221282959
0.025950242114 7.77997104056 0.075225637598 181.58647203445435
0.0291505306283 8.01797519564 0.085046982592 181.16692471504211
0.0327454916288 7.99123112548 0.0803153726543 181.6293044090271
0.0367837977183 7.77185109347 0.0753607073961 180.60365414619446
0.0413201240012 7.7790077043 0.0742286321686 181.6057267189026
0.0464158883361 7.85728602772 0.0839694983764 181.6043667793274
0.05214008288 7.79951707222 0.0659555361107 180.6864984035492
0.0585702081806 7.76326777056 0.0815859528457 181.56089901924133
0.0657933224658 7.67227537991 0.0838259108178 181.4750943183899
0.0739072203353 7.70198106389 0.0702452496443 181.29936575889587
0.0830217568132 7.71655622982 0.0797470676561 180.80609250068665
0.0932603346883 7.6408533402 0.0774764882886 181.27583265304565
0.104761575279 7.56032884121 0.0710785279829 181.84797501564026
0.117681195243 7.59071112205 0.0708019031069 180.40170073509216
0.132194114847 7.45705240204 0.0685502616504 181.3483362197876
0.148496826225 7.54591050216 0.079083357347 181.14299082756042
0.16681005372 7.44888335908 0.0658788593234 181.4392740726471
0.187381742286 7.54338151563 0.0776292098013 181.49923276901245
0.210490414451 7.46132116335 0.0593648270283 181.7328109741211
0.236448941265 7.4642361321 0.0788790756913 180.69543147087097
0.265608778295 7.20781672071 0.0631688293105 181.74356412887573
0.298364724028 7.12530724729 0.0697627027864 181.621595621109
0.335160265094 7.07252968131 0.0675669590987 181.27169752120972
0.376493580679 6.84423564866 0.0624265146361 181.5109269618988
0.422924287439 6.84755614918 0.0630882094114 181.77255129814148
0.47508101621 6.75452120601 0.0588366847916 181.13240003585815
0.533669923121 6.67857036789 0.0606601903777 182.10717678070068
0.599484250319 6.48142812448 0.057186645191 181.4721028804779
0.673415065775 6.24216950363 0.0481282374485 182.0423882007599
0.756463327555 6.09643239974 0.0489456384367 181.31119394302368
0.849753435909 5.89319489318 0.0449579740571 182.5643150806427
0.954548456662 5.51256730507 0.0372982260884 182.59095859527588
1.07226722201 5.25128053359 0.0329697450399 182.07617044448853
1.20450354026 4.97989563816 0.0323228498499 182.91225862503052
1.35304777458 4.70334687511 0.0293374287024 183.36994409561157
1.51991108295 4.34018628878 0.0235067101543 182.86382031440735
1.70735264747 3.95460780286 0.0215885970563 182.4507977962494
1.91791026167 3.63959294549 0.0170647113403 183.1202585697174
2.15443469003 3.30931948618 0.0141071684049 183.48406672477722
2.42012826479 3.03527266525 0.0145661102214 183.28074288368225
2.71858824273 2.74550322422 0.0110468733455 183.37079668045044
3.05385550883 2.47973955134 0.00974242474046 183.15547966957092
3.43046928631 2.2262902004 0.00732672948908 183.77663135528564
3.85352859371 1.99102353014 0.00604871386435 183.41778779029846
4.32876128108 1.79184287353 0.00478777642322 184.30306959152222
4.86260158007 1.59967421218 0.00467917550118 184.16141653060913
5.46227721768 1.43700117903 0.00379611963339 184.6395971775055
6.13590727341 1.2761887728 0.00360842545988 183.46675848960876
6.89261210435 1.14862389163 0.00249351911368 184.4015712738037
7.74263682681 1.02152215143 0.00215196290764 184.23587369918823
8.69749002618 0.915260622551 0.00200370131229 184.56419968605042
9.77009957299 0.81365497134 0.0018011862286 184.02899599075317
10.9749876549 0.724940423984 0.00151800104599 184.8638470172882
12.3284673944 0.645386786125 0.00141507304591 184.44805812835693
13.8488637139 0.576059560841 0.00109633124676 184.67782926559448
15.5567614393 0.514800377024 0.000931671124518 184.2785403728485
17.4752840001 0.454954385431 0.000833217226963 184.0531919002533
19.6304065004 0.408093756792 0.000807077518131 184.78912734985352
22.051307399 0.362630747273 0.000609859540666 184.5171229839325
24.7707635599 0.32255045361 0.000543403852671 184.5713984966278
generate_tau_table.py:43: RuntimeWarning: overflow encountered in exp
  return np.exp(-t/tau)
27.8255940221 0.286662207161 0.000440783008634 184.2840313911438
31.2571584969 0.25609196755 0.0004370587899 185.77429795265198
35.1119173422 0.228019821319 0.000355404246562 185.16644644737244
39.4420605944 0.202945647802 0.000301233387577 183.76715874671936
44.3062145758 0.180675185312 0.000250566164006 185.0901074409485
49.7702356433 0.160795200696 0.000202666544309 184.73025512695312
55.9081018251 0.14285330885 0.000161857039158 184.56957459449768
62.8029144183 0.127362775039 0.000140078138642 184.945809841156
70.5480231072 0.113626145013 0.000136569640167 185.19601607322693
79.2482898354 0.100884514921 0.000106919175061 184.1429476737976
89.0215085445 0.0898996540122 8.21273943326e-05 184.70023036003113
100.0 0.0800663547079 6.95081802955e-05 184.32897520065308
